# configure exec: ./configure --prefix=/home/rihabhaddad/PFE/node_modules/node-rdkafka/build/deps --libdir=/home/rihabhaddad/PFE/node_modules/node-rdkafka/build/deps --prefix=/home/rihabhaddad/PFE/node_modules/node-rdkafka/build/deps --libdir=/home/rihabhaddad/PFE/node_modules/node-rdkafka/build/deps
# On 25 أوت, 2023 CET 12:33:01 ص
DBG 196293: Setting distro (distro) status to ok (action ignore)
DBG 196293: ccenv: WITH_CC:  --version failed: mklove/modules/configure.base: line 1824: --version: command not found
DBG 196293: Setting ccenv (ccenv) status to failed (action cont)
DBG 196293: Check ccenv (WITH_CC, action cont (originally cont)) failed: command ' --version' failed:
mklove/modules/configure.base: line 1824: --version: command not found
DBG 196293: Setting gcc (gcc) status to ok (action cont)
DBG 196293: cxxenv: WITH_CXX:  --version failed: mklove/modules/configure.base: line 1824: --version: command not found
DBG 196293: Setting cxxenv (cxxenv) status to failed (action cont)
DBG 196293: Check cxxenv (WITH_CXX, action cont (originally cont)) failed: command ' --version' failed:
mklove/modules/configure.base: line 1824: --version: command not found
DBG 196293: Setting gxx (gxx) status to ok (action cont)
DBG 196293: Setting ld (ld) status to ok (action disable)
DBG 196293: Setting nm (nm) status to ok (action disable)
DBG 196293: Setting objdump (objdump) status to ok (action disable)
DBG 196293: Setting strip (strip) status to ok (action disable)
DBG 196293: libtool: : libtool is not executable: 
DBG 196293: Setting libtool (libtool) status to failed (action disable)
DBG 196293: Check libtool (, action disable (originally disable)) failed: libtool is not executable
DBG 196293: Setting ranlib (ranlib) status to ok (action disable)
DBG 196293: pkgconfig: WITH_PKGCONFIG: pkg-config --version failed: mklove/modules/configure.base: line 1824: pkg-config: command not found
DBG 196293: Setting pkgconfig (pkgconfig) status to failed (action cont)
DBG 196293: Check pkgconfig (WITH_PKGCONFIG, action cont (originally cont)) failed: command 'pkg-config --version' failed:
mklove/modules/configure.base: line 1824: pkg-config: command not found
DBG 196293: Setting install (install) status to ok (action cont)
DBG 196293: Setting gnuar (gnuar) status to ok (action disable)
DBG 196293: Compile check PIC (HAVE_PIC) (sub=0): gcc  -g -O2 -Wall -Werror _mkltmpIeGVH4.c -o _mkltmpIeGVH4.c.o  -L/home/rihabhaddad/PFE/node_modules/node-rdkafka/build/deps -fPIC 
DBG 196293: Setting PIC (PIC) status to ok (action disable)
DBG 196293: Compile check gnulib (WITH_GNULD) (sub=0): gcc  -g -O2 -fPIC -Wall -Werror _mkltmpXrMkqw.c -o _mkltmpXrMkqw.c.o  -L/home/rihabhaddad/PFE/node_modules/node-rdkafka/build/deps -shared -Wl,-soname,mkltest.0 
DBG 196293: Setting gnulib (gnulib) status to ok (action cont)
DBG 196293: Compile check ldsflagvs () (sub=0): gcc  -g -O2 -fPIC -Wall -Werror _mkltmpPYhyvr.c -o _mkltmpPYhyvr.c.o  -L/home/rihabhaddad/PFE/node_modules/node-rdkafka/build/deps -shared -Wl,--version-script=_mkltmpHez1Fv 
DBG 196293: Setting ldsflagvs (ldsflagvs) status to ok (action cont)
DBG 196293: Compile check __atomic_32 (HAVE_ATOMICS_32) (sub=0): gcc  -g -O2 -fPIC -Wall -Werror _mkltmpJs90Bb.c -o _mkltmpJs90Bb.c.o  -L/home/rihabhaddad/PFE/node_modules/node-rdkafka/build/deps  
DBG 196293: Setting __atomic_32 (__atomic_32) status to ok (action cont)
DBG 196293: Compile check __atomic_64 (HAVE_ATOMICS_64) (sub=0): gcc  -g -O2 -fPIC -Wall -Werror _mkltmpoaUu1w.c -o _mkltmpoaUu1w.c.o  -L/home/rihabhaddad/PFE/node_modules/node-rdkafka/build/deps  
DBG 196293: Setting __atomic_64 (__atomic_64) status to ok (action cont)
DBG 196293: Compile check socket () (sub=0): gcc  -g -O2 -fPIC -Wall -Wsign-compare -Wfloat-equal -Wpointer-arith -Wcast-align -Wall -Werror _mkltmpmxIJYI.c -o _mkltmpmxIJYI.c.o  -L/home/rihabhaddad/PFE/node_modules/node-rdkafka/build/deps  
DBG 196293: Setting socket (socket) status to ok (action cont)
DBG 196293: Setting parseversion (parseversion) status to ok (action cont)
DBG 196293: librt: Check for static library (libs -lrt, arfile variable STATIC_LIB_librt=, static filenames )
DBG 196293: Compile check librt () (sub=0): gcc  -g -O2 -fPIC -Wall -Wsign-compare -Wfloat-equal -Wpointer-arith -Wcast-align -Wall -Werror _mkltmpiGt7m2.c -o _mkltmpiGt7m2.c.o  -L/home/rihabhaddad/PFE/node_modules/node-rdkafka/build/deps -lrt 
DBG 196293: Setting librt (librt) status to ok (action cont)
DBG 196293: librt: from lib_check: LIBS: prepend -lrt
DBG 196293: libpthread: Check for static library (libs -lpthread, arfile variable STATIC_LIB_libpthread=, static filenames )
DBG 196293: Compile check libpthread () (sub=0): gcc  -g -O2 -fPIC -Wall -Wsign-compare -Wfloat-equal -Wpointer-arith -Wcast-align -Wall -Werror _mkltmpyDKmya.c -o _mkltmpyDKmya.c.o  -L/home/rihabhaddad/PFE/node_modules/node-rdkafka/build/deps -lpthread -lrt
DBG 196293: Setting libpthread (libpthread) status to ok (action fail)
DBG 196293: libpthread: from lib_check: LIBS: prepend -lpthread
DBG 196293: c11threads: Check for static library (libs -lpthread -lrt, arfile variable STATIC_LIB_c11threads=, static filenames )
DBG 196293: Compile check c11threads (WITH_C11THREADS) (sub=0): gcc  -g -O2 -fPIC -Wall -Wsign-compare -Wfloat-equal -Wpointer-arith -Wcast-align -Wall -Werror _mkltmpCuRlFO.c -o _mkltmpCuRlFO.c.o  -L/home/rihabhaddad/PFE/node_modules/node-rdkafka/build/deps -lpthread -lrt -lpthread -lrt
DBG 196293: Setting c11threads (c11threads) status to ok (action disable)
DBG 196293: c11threads: from lib_check: LIBS: prepend -lpthread -lrt
DBG 196293: libdl: Check for static library (libs -ldl, arfile variable STATIC_LIB_libdl=, static filenames )
DBG 196293: Compile check libdl (WITH_LIBDL) (sub=0): gcc  -g -O2 -fPIC -Wall -Wsign-compare -Wfloat-equal -Wpointer-arith -Wcast-align -Wall -Werror _mkltmpHeOkmG.c -o _mkltmpHeOkmG.c.o  -L/home/rihabhaddad/PFE/node_modules/node-rdkafka/build/deps -ldl -lpthread -lrt -lpthread -lrt
DBG 196293: Setting libdl (libdl) status to ok (action disable)
DBG 196293: libdl: from lib_check: LIBS: prepend -ldl
DBG 196293: zlib: Check for static library (libs -lz, arfile variable STATIC_LIB_zlib=, static filenames libz.a)
DBG 196293: Compile check zlib (WITH_ZLIB) (sub=0): gcc  -g -O2 -fPIC -Wall -Wsign-compare -Wfloat-equal -Wpointer-arith -Wcast-align -Wall -Werror _mkltmpBEk8AO.c -o _mkltmpBEk8AO.c.o  -L/home/rihabhaddad/PFE/node_modules/node-rdkafka/build/deps -lz -ldl -lpthread -lrt -lpthread -lrt
DBG 196293: Setting zlib (zlib) status to ok (action disable)
DBG 196293: zlib: from lib_check: LIBS: prepend -lz
DBG 196293: libcrypto: Check for static library (libs -lcrypto, arfile variable STATIC_LIB_libcrypto=, static filenames libcrypto.a)
DBG 196293: Compile check libcrypto () (sub=0): gcc  -g -O2 -fPIC -Wall -Wsign-compare -Wfloat-equal -Wpointer-arith -Wcast-align -Wall -Werror _mkltmptBpW7v.c -o _mkltmptBpW7v.c.o  -L/home/rihabhaddad/PFE/node_modules/node-rdkafka/build/deps -lcrypto -lz -ldl -lpthread -lrt -lpthread -lrt
DBG 196293: Setting libcrypto (libcrypto) status to ok (action disable)
DBG 196293: libcrypto: from lib_check: LIBS: prepend -lcrypto
DBG 196293: libssl: Check for static library (libs -lssl -lcrypto, arfile variable STATIC_LIB_libssl=, static filenames libssl.a)
DBG 196293: Compile check libssl (WITH_SSL) (sub=0): gcc  -g -O2 -fPIC -Wall -Wsign-compare -Wfloat-equal -Wpointer-arith -Wcast-align -Wall -Werror _mkltmpG4KweC.c -o _mkltmpG4KweC.c.o  -L/home/rihabhaddad/PFE/node_modules/node-rdkafka/build/deps -lssl -lcrypto -lcrypto -lz -ldl -lpthread -lrt -lpthread -lrt
DBG 196293: Setting libssl (libssl) status to ok (action disable)
DBG 196293: libssl: from lib_check: LIBS: prepend -lssl -lcrypto
DBG 196293: Compile check libcrypto () (sub=1): gcc  -g -O2 -fPIC -Wall -Wsign-compare -Wfloat-equal -Wpointer-arith -Wcast-align -Wall -Werror _mkltmpYUAtjO.c -o _mkltmpYUAtjO.c.o  -L/home/rihabhaddad/PFE/node_modules/node-rdkafka/build/deps -lcrypto -lssl -lcrypto -lcrypto -lz -ldl -lpthread -lrt -lpthread -lrt
DBG 196293: compile check for libcrypto () failed: gcc  -g -O2 -fPIC -Wall -Wsign-compare -Wfloat-equal -Wpointer-arith -Wcast-align -Wall -Werror _mkltmpYUAtjO.c -o _mkltmpYUAtjO.c.o  -L/home/rihabhaddad/PFE/node_modules/node-rdkafka/build/deps -lcrypto -lssl -lcrypto -lcrypto -lz -ldl -lpthread -lrt -lpthread -lrt: _mkltmpYUAtjO.c:4:2: error: #error "OpenSSL version >= v3.0.0 needs OPENSSL_SUPPRESS_DEPRECATED"
    4 | #error "OpenSSL version >= v3.0.0 needs OPENSSL_SUPPRESS_DEPRECATED"
      |  ^~~~~
DBG 196293: libsasl2: Check for static library (libs -lsasl2, arfile variable STATIC_LIB_libsasl2=, static filenames )
DBG 196293: Compile check libsasl2 (WITH_SASL_CYRUS) (sub=0): gcc  -g -O2 -fPIC -Wall -Wsign-compare -Wfloat-equal -Wpointer-arith -Wcast-align -Wall -Werror _mkltmpfWFAEa.c -o _mkltmpfWFAEa.c.o  -L/home/rihabhaddad/PFE/node_modules/node-rdkafka/build/deps -lsasl2 -lssl -lcrypto -lcrypto -lz -ldl -lpthread -lrt -lpthread -lrt
DBG 196293: compile check for libsasl2 (WITH_SASL_CYRUS) failed: gcc  -g -O2 -fPIC -Wall -Wsign-compare -Wfloat-equal -Wpointer-arith -Wcast-align -Wall -Werror _mkltmpfWFAEa.c -o _mkltmpfWFAEa.c.o  -L/home/rihabhaddad/PFE/node_modules/node-rdkafka/build/deps -lsasl2 -lssl -lcrypto -lcrypto -lz -ldl -lpthread -lrt -lpthread -lrt: _mkltmpfWFAEa.c:3:10: fatal error: sasl/sasl.h: No such file or directory
    3 | #include <sasl/sasl.h>
      |          ^~~~~~~~~~~~~
compilation terminated.
DBG 196293: Setting libsasl2 (libsasl2) status to failed (action disable)
DBG 196293: Check libsasl2 (WITH_SASL_CYRUS, action disable (originally disable)) failed: compile check failed:
CC: CC
flags: -lsasl2
gcc  -g -O2 -fPIC -Wall -Wsign-compare -Wfloat-equal -Wpointer-arith -Wcast-align -Wall -Werror _mkltmpfWFAEa.c -o _mkltmpfWFAEa.c.o  -L/home/rihabhaddad/PFE/node_modules/node-rdkafka/build/deps -lsasl2 -lssl -lcrypto -lcrypto -lz -ldl -lpthread -lrt -lpthread -lrt:
_mkltmpfWFAEa.c:3:10: fatal error: sasl/sasl.h: No such file or directory
    3 | #include <sasl/sasl.h>
      |          ^~~~~~~~~~~~~
compilation terminated.
source: 
#include <stddef.h>
#include <sasl/sasl.h>

DBG 196293: libsasl: Check for static library (libs -lsasl, arfile variable STATIC_LIB_libsasl=, static filenames )
DBG 196293: Compile check libsasl (WITH_SASL_CYRUS) (sub=0): gcc  -g -O2 -fPIC -Wall -Wsign-compare -Wfloat-equal -Wpointer-arith -Wcast-align -Wall -Werror _mkltmpNer5pD.c -o _mkltmpNer5pD.c.o  -L/home/rihabhaddad/PFE/node_modules/node-rdkafka/build/deps -lsasl -lssl -lcrypto -lcrypto -lz -ldl -lpthread -lrt -lpthread -lrt
DBG 196293: compile check for libsasl (WITH_SASL_CYRUS) failed: gcc  -g -O2 -fPIC -Wall -Wsign-compare -Wfloat-equal -Wpointer-arith -Wcast-align -Wall -Werror _mkltmpNer5pD.c -o _mkltmpNer5pD.c.o  -L/home/rihabhaddad/PFE/node_modules/node-rdkafka/build/deps -lsasl -lssl -lcrypto -lcrypto -lz -ldl -lpthread -lrt -lpthread -lrt: _mkltmpNer5pD.c:3:10: fatal error: sasl/sasl.h: No such file or directory
    3 | #include <sasl/sasl.h>
      |          ^~~~~~~~~~~~~
compilation terminated.
DBG 196293: Setting libsasl (libsasl) status to failed (action disable)
DBG 196293: Check libsasl (WITH_SASL_CYRUS, action disable (originally disable)) failed: compile check failed:
CC: CC
flags: -lsasl
gcc  -g -O2 -fPIC -Wall -Wsign-compare -Wfloat-equal -Wpointer-arith -Wcast-align -Wall -Werror _mkltmpNer5pD.c -o _mkltmpNer5pD.c.o  -L/home/rihabhaddad/PFE/node_modules/node-rdkafka/build/deps -lsasl -lssl -lcrypto -lcrypto -lz -ldl -lpthread -lrt -lpthread -lrt:
_mkltmpNer5pD.c:3:10: fatal error: sasl/sasl.h: No such file or directory
    3 | #include <sasl/sasl.h>
      |          ^~~~~~~~~~~~~
compilation terminated.
source: 
#include <stddef.h>
#include <sasl/sasl.h>

DBG 196293: libzstd: Check for static library (libs -lzstd, arfile variable STATIC_LIB_libzstd=, static filenames libzstd.a)
DBG 196293: Compile check libzstd (WITH_ZSTD) (sub=0): gcc  -g -O2 -fPIC -Wall -Wsign-compare -Wfloat-equal -Wpointer-arith -Wcast-align -Wall -Werror _mkltmp6DVD4d.c -o _mkltmp6DVD4d.c.o  -L/home/rihabhaddad/PFE/node_modules/node-rdkafka/build/deps -lzstd -lssl -lcrypto -lcrypto -lz -ldl -lpthread -lrt -lpthread -lrt
DBG 196293: compile check for libzstd (WITH_ZSTD) failed: gcc  -g -O2 -fPIC -Wall -Wsign-compare -Wfloat-equal -Wpointer-arith -Wcast-align -Wall -Werror _mkltmp6DVD4d.c -o _mkltmp6DVD4d.c.o  -L/home/rihabhaddad/PFE/node_modules/node-rdkafka/build/deps -lzstd -lssl -lcrypto -lcrypto -lz -ldl -lpthread -lrt -lpthread -lrt: _mkltmp6DVD4d.c:2:10: fatal error: zstd.h: No such file or directory
    2 | #include <zstd.h>
      |          ^~~~~~~~
compilation terminated.
DBG 196293: Setting libzstd (libzstd) status to failed (action disable)
DBG 196293: Check libzstd (WITH_ZSTD, action disable (originally disable)) failed: compile check failed:
CC: CC
flags: -lzstd
gcc  -g -O2 -fPIC -Wall -Wsign-compare -Wfloat-equal -Wpointer-arith -Wcast-align -Wall -Werror _mkltmp6DVD4d.c -o _mkltmp6DVD4d.c.o  -L/home/rihabhaddad/PFE/node_modules/node-rdkafka/build/deps -lzstd -lssl -lcrypto -lcrypto -lz -ldl -lpthread -lrt -lpthread -lrt:
_mkltmp6DVD4d.c:2:10: fatal error: zstd.h: No such file or directory
    2 | #include <zstd.h>
      |          ^~~~~~~~
compilation terminated.
source: 
#include <zstd.h>
#include <zstd_errors.h>

void foo (void) {
     ZSTD_getFrameContentSize(NULL, 0);
}

DBG 196293: libcurl: Check for static library (libs -lcurl, arfile variable STATIC_LIB_libcurl=, static filenames libcurl.a)
DBG 196293: Compile check libcurl (WITH_CURL) (sub=0): gcc  -g -O2 -fPIC -Wall -Wsign-compare -Wfloat-equal -Wpointer-arith -Wcast-align -Wall -Werror _mkltmpYLGBge.c -o _mkltmpYLGBge.c.o  -L/home/rihabhaddad/PFE/node_modules/node-rdkafka/build/deps -lcurl -lssl -lcrypto -lcrypto -lz -ldl -lpthread -lrt -lpthread -lrt
DBG 196293: compile check for libcurl (WITH_CURL) failed: gcc  -g -O2 -fPIC -Wall -Wsign-compare -Wfloat-equal -Wpointer-arith -Wcast-align -Wall -Werror _mkltmpYLGBge.c -o _mkltmpYLGBge.c.o  -L/home/rihabhaddad/PFE/node_modules/node-rdkafka/build/deps -lcurl -lssl -lcrypto -lcrypto -lz -ldl -lpthread -lrt -lpthread -lrt: _mkltmpYLGBge.c:2:10: fatal error: curl/curl.h: No such file or directory
    2 | #include <curl/curl.h>
      |          ^~~~~~~~~~~~~
compilation terminated.
DBG 196293: Setting libcurl (libcurl) status to failed (action disable)
DBG 196293: Check libcurl (WITH_CURL, action disable (originally disable)) failed: compile check failed:
CC: CC
flags: -lcurl
gcc  -g -O2 -fPIC -Wall -Wsign-compare -Wfloat-equal -Wpointer-arith -Wcast-align -Wall -Werror _mkltmpYLGBge.c -o _mkltmpYLGBge.c.o  -L/home/rihabhaddad/PFE/node_modules/node-rdkafka/build/deps -lcurl -lssl -lcrypto -lcrypto -lz -ldl -lpthread -lrt -lpthread -lrt:
_mkltmpYLGBge.c:2:10: fatal error: curl/curl.h: No such file or directory
    2 | #include <curl/curl.h>
      |          ^~~~~~~~~~~~~
compilation terminated.
source: 
#include <curl/curl.h>

void foo (void) {
     curl_global_init(CURL_GLOBAL_DEFAULT);
}

DBG 196293: libm: Check for static library (libs -lm, arfile variable STATIC_LIB_libm=, static filenames )
DBG 196293: Compile check libm () (sub=0): gcc  -g -O2 -fPIC -Wall -Wsign-compare -Wfloat-equal -Wpointer-arith -Wcast-align -Wall -Werror _mkltmpIqY3Kx.c -o _mkltmpIqY3Kx.c.o  -L/home/rihabhaddad/PFE/node_modules/node-rdkafka/build/deps -lm -lssl -lcrypto -lcrypto -lz -ldl -lpthread -lrt -lpthread -lrt
DBG 196293: Setting libm (libm) status to ok (action disable)
DBG 196293: libm: from lib_check: LIBS: prepend -lm
DBG 196293: liblz4: Check for static library (libs -llz4, arfile variable STATIC_LIB_liblz4=, static filenames liblz4.a)
DBG 196293: Compile check liblz4 (WITH_LZ4_EXT) (sub=0): gcc  -g -O2 -fPIC -Wall -Wsign-compare -Wfloat-equal -Wpointer-arith -Wcast-align -Wall -Werror _mkltmpqXGkCC.c -o _mkltmpqXGkCC.c.o  -L/home/rihabhaddad/PFE/node_modules/node-rdkafka/build/deps -llz4 -lm -lssl -lcrypto -lcrypto -lz -ldl -lpthread -lrt -lpthread -lrt
DBG 196293: compile check for liblz4 (WITH_LZ4_EXT) failed: gcc  -g -O2 -fPIC -Wall -Wsign-compare -Wfloat-equal -Wpointer-arith -Wcast-align -Wall -Werror _mkltmpqXGkCC.c -o _mkltmpqXGkCC.c.o  -L/home/rihabhaddad/PFE/node_modules/node-rdkafka/build/deps -llz4 -lm -lssl -lcrypto -lcrypto -lz -ldl -lpthread -lrt -lpthread -lrt: _mkltmpqXGkCC.c:1:10: fatal error: lz4frame.h: No such file or directory
    1 | #include <lz4frame.h>
      |          ^~~~~~~~~~~~
compilation terminated.
DBG 196293: Setting liblz4 (liblz4) status to failed (action disable)
DBG 196293: Check liblz4 (WITH_LZ4_EXT, action disable (originally disable)) failed: compile check failed:
CC: CC
flags: -llz4
gcc  -g -O2 -fPIC -Wall -Wsign-compare -Wfloat-equal -Wpointer-arith -Wcast-align -Wall -Werror _mkltmpqXGkCC.c -o _mkltmpqXGkCC.c.o  -L/home/rihabhaddad/PFE/node_modules/node-rdkafka/build/deps -llz4 -lm -lssl -lcrypto -lcrypto -lz -ldl -lpthread -lrt -lpthread -lrt:
_mkltmpqXGkCC.c:1:10: fatal error: lz4frame.h: No such file or directory
    1 | #include <lz4frame.h>
      |          ^~~~~~~~~~~~
compilation terminated.
source: #include <lz4frame.h>
DBG 196293: Compile check syslog (WITH_SYSLOG) (sub=0): gcc  -g -O2 -fPIC -Wall -Wsign-compare -Wfloat-equal -Wpointer-arith -Wcast-align -Wall -Werror _mkltmpXcFnT9.c -o _mkltmpXcFnT9.c.o  -L/home/rihabhaddad/PFE/node_modules/node-rdkafka/build/deps  -lm -lssl -lcrypto -lcrypto -lz -ldl -lpthread -lrt -lpthread -lrt
DBG 196293: Setting syslog (syslog) status to ok (action disable)
DBG 196293: Compile check rapidjson (WITH_RAPIDJSON) (sub=0): g++  -g -O2 -fPIC -Wall -Wsign-compare -Wfloat-equal -Wpointer-arith -Wcast-align -Wall -Werror _mkltmp9atXfn.cpp -o _mkltmp9atXfn.cpp.o  -L/home/rihabhaddad/PFE/node_modules/node-rdkafka/build/deps  -lm -lssl -lcrypto -lcrypto -lz -ldl -lpthread -lrt -lpthread -lrt
DBG 196293: compile check for rapidjson (WITH_RAPIDJSON) failed: g++  -g -O2 -fPIC -Wall -Wsign-compare -Wfloat-equal -Wpointer-arith -Wcast-align -Wall -Werror _mkltmp9atXfn.cpp -o _mkltmp9atXfn.cpp.o  -L/home/rihabhaddad/PFE/node_modules/node-rdkafka/build/deps  -lm -lssl -lcrypto -lcrypto -lz -ldl -lpthread -lrt -lpthread -lrt: _mkltmp9atXfn.cpp:1:10: fatal error: rapidjson/schema.h: No such file or directory
    1 | #include <rapidjson/schema.h>
      |          ^~~~~~~~~~~~~~~~~~~~
compilation terminated.
DBG 196293: Setting rapidjson (rapidjson) status to failed (action disable)
DBG 196293: Check rapidjson (WITH_RAPIDJSON, action disable (originally disable)) failed: compile check failed:
CC: CXX
flags: 
g++  -g -O2 -fPIC -Wall -Wsign-compare -Wfloat-equal -Wpointer-arith -Wcast-align -Wall -Werror _mkltmp9atXfn.cpp -o _mkltmp9atXfn.cpp.o  -L/home/rihabhaddad/PFE/node_modules/node-rdkafka/build/deps  -lm -lssl -lcrypto -lcrypto -lz -ldl -lpthread -lrt -lpthread -lrt:
_mkltmp9atXfn.cpp:1:10: fatal error: rapidjson/schema.h: No such file or directory
    1 | #include <rapidjson/schema.h>
      |          ^~~~~~~~~~~~~~~~~~~~
compilation terminated.
source: #include <rapidjson/schema.h>
DBG 196293: Compile check crc32chw (WITH_CRC32C_HW) (sub=0): gcc  -g -O2 -fPIC -Wall -Wsign-compare -Wfloat-equal -Wpointer-arith -Wcast-align -Wall -Werror _mkltmpANXKK9.c -o _mkltmpANXKK9.c.o  -L/home/rihabhaddad/PFE/node_modules/node-rdkafka/build/deps  -lm -lssl -lcrypto -lcrypto -lz -ldl -lpthread -lrt -lpthread -lrt
DBG 196293: Setting crc32chw (crc32chw) status to ok (action disable)
DBG 196293: Compile check regex (HAVE_REGEX) (sub=0): gcc  -g -O2 -fPIC -Wall -Wsign-compare -Wfloat-equal -Wpointer-arith -Wcast-align -Wall -Werror _mkltmpGgOYUA.c -o _mkltmpGgOYUA.c.o  -L/home/rihabhaddad/PFE/node_modules/node-rdkafka/build/deps  -lm -lssl -lcrypto -lcrypto -lz -ldl -lpthread -lrt -lpthread -lrt
DBG 196293: Setting regex (regex) status to ok (action disable)
DBG 196293: Compile check rand_r (HAVE_RAND_R) (sub=0): gcc  -g -O2 -fPIC -Wall -Wsign-compare -Wfloat-equal -Wpointer-arith -Wcast-align -Wall -Werror _mkltmpjzrue6.c -o _mkltmpjzrue6.c.o  -L/home/rihabhaddad/PFE/node_modules/node-rdkafka/build/deps  -lm -lssl -lcrypto -lcrypto -lz -ldl -lpthread -lrt -lpthread -lrt
DBG 196293: Setting rand_r (rand_r) status to ok (action disable)
DBG 196293: Compile check strndup (HAVE_STRNDUP) (sub=0): gcc  -g -O2 -fPIC -Wall -Wsign-compare -Wfloat-equal -Wpointer-arith -Wcast-align -Wall -Werror _mkltmp2SWPXF.c -o _mkltmp2SWPXF.c.o  -L/home/rihabhaddad/PFE/node_modules/node-rdkafka/build/deps  -lm -lssl -lcrypto -lcrypto -lz -ldl -lpthread -lrt -lpthread -lrt
DBG 196293: Setting strndup (strndup) status to ok (action disable)
DBG 196293: Compile check strlcpy (HAVE_STRLCPY) (sub=0): gcc  -g -O2 -fPIC -Wall -Wsign-compare -Wfloat-equal -Wpointer-arith -Wcast-align -Wall -Werror _mkltmpb9wKat.c -o _mkltmpb9wKat.c.o  -L/home/rihabhaddad/PFE/node_modules/node-rdkafka/build/deps  -lm -lssl -lcrypto -lcrypto -lz -ldl -lpthread -lrt -lpthread -lrt
DBG 196293: compile check for strlcpy (HAVE_STRLCPY) failed: gcc  -g -O2 -fPIC -Wall -Wsign-compare -Wfloat-equal -Wpointer-arith -Wcast-align -Wall -Werror _mkltmpb9wKat.c -o _mkltmpb9wKat.c.o  -L/home/rihabhaddad/PFE/node_modules/node-rdkafka/build/deps  -lm -lssl -lcrypto -lcrypto -lz -ldl -lpthread -lrt -lpthread -lrt: _mkltmpb9wKat.c: In function ‘foo’:
_mkltmpb9wKat.c:6:11: error: implicit declaration of function ‘strlcpy’; did you mean ‘strncpy’? [-Werror=implicit-function-declaration]
    6 |    return strlcpy(dest, "something", sizeof(dest));
      |           ^~~~~~~
      |           strncpy
cc1: all warnings being treated as errors
DBG 196293: Setting strlcpy (strlcpy) status to failed (action disable)
DBG 196293: Check strlcpy (HAVE_STRLCPY, action disable (originally disable)) failed: compile check failed:
CC: CC
flags: 
gcc  -g -O2 -fPIC -Wall -Wsign-compare -Wfloat-equal -Wpointer-arith -Wcast-align -Wall -Werror _mkltmpb9wKat.c -o _mkltmpb9wKat.c.o  -L/home/rihabhaddad/PFE/node_modules/node-rdkafka/build/deps  -lm -lssl -lcrypto -lcrypto -lz -ldl -lpthread -lrt -lpthread -lrt:
_mkltmpb9wKat.c: In function ‘foo’:
_mkltmpb9wKat.c:6:11: error: implicit declaration of function ‘strlcpy’; did you mean ‘strncpy’? [-Werror=implicit-function-declaration]
    6 |    return strlcpy(dest, "something", sizeof(dest));
      |           ^~~~~~~
      |           strncpy
cc1: all warnings being treated as errors
source: 
#define _DARWIN_C_SOURCE
#include <string.h>
int foo (void) {
    char dest[4];
   return strlcpy(dest, "something", sizeof(dest));
}
DBG 196293: Compile check strerror_r (HAVE_STRERROR_R) (sub=0): gcc  -g -O2 -fPIC -Wall -Wsign-compare -Wfloat-equal -Wpointer-arith -Wcast-align -Wall -Werror _mkltmpDLDY9v.c -o _mkltmpDLDY9v.c.o  -L/home/rihabhaddad/PFE/node_modules/node-rdkafka/build/deps  -lm -lssl -lcrypto -lcrypto -lz -ldl -lpthread -lrt -lpthread -lrt
DBG 196293: Setting strerror_r (strerror_r) status to ok (action disable)
DBG 196293: Compile check strcasestr (HAVE_STRCASESTR) (sub=0): gcc  -g -O2 -fPIC -Wall -Wsign-compare -Wfloat-equal -Wpointer-arith -Wcast-align -Wall -Werror _mkltmpAqykri.c -o _mkltmpAqykri.c.o  -L/home/rihabhaddad/PFE/node_modules/node-rdkafka/build/deps  -lm -lssl -lcrypto -lcrypto -lz -ldl -lpthread -lrt -lpthread -lrt
DBG 196293: Setting strcasestr (strcasestr) status to ok (action disable)
DBG 196293: Compile check pthread_setname_gnu (HAVE_PTHREAD_SETNAME_GNU) (sub=0): gcc  -g -O2 -fPIC -Wall -Wsign-compare -Wfloat-equal -Wpointer-arith -Wcast-align -Wall -Werror _mkltmpky3t0v.c -o _mkltmpky3t0v.c.o  -L/home/rihabhaddad/PFE/node_modules/node-rdkafka/build/deps -D_GNU_SOURCE -lpthread -lm -lssl -lcrypto -lcrypto -lz -ldl -lpthread -lrt -lpthread -lrt
DBG 196293: Setting pthread_setname_gnu (pthread_setname_gnu) status to ok (action disable)
DBG 196293: Setting nm (nm) status to ok (action cont)
DBG 196293: Setting python3 (python3) status to ok (action disable)
DBG 196293: Compile check getrusage (HAVE_GETRUSAGE) (sub=0): gcc  -g -O2 -fPIC -Wall -Wsign-compare -Wfloat-equal -Wpointer-arith -Wcast-align -Wall -Werror _mkltmpKTTakR.c -o _mkltmpKTTakR.c.o  -L/home/rihabhaddad/PFE/node_modules/node-rdkafka/build/deps  -lm -lssl -lcrypto -lcrypto -lz -ldl -lpthread -lrt -lpthread -lrt
DBG 196293: Setting getrusage (getrusage) status to ok (action disable)
